E:\code\QcEngine\gperftools-2.0\Debug\addr2line-pdb.exe
E:\code\QcEngine\gperftools-2.0\Debug\addr2line-pdb.ilk
E:\code\QcEngine\gperftools-2.0\Debug\addr2line-pdb.pdb
E:\code\QcEngine\gperftools-2.0\vsprojects\addr2line-pdb\Debug\addr2line-pdb.exe.embed.manifest
E:\code\QcEngine\gperftools-2.0\vsprojects\addr2line-pdb\Debug\addr2line-pdb.exe.embed.manifest.res
E:\code\QcEngine\gperftools-2.0\vsprojects\addr2line-pdb\Debug\addr2line-pdb.exe.intermediate.manifest
E:\code\QcEngine\gperftools-2.0\vsprojects\addr2line-pdb\Debug\addr2line-pdb.obj
E:\code\QcEngine\gperftools-2.0\vsprojects\addr2line-pdb\Debug\addr2line-pdb.write.1.tlog
E:\code\QcEngine\gperftools-2.0\vsprojects\addr2line-pdb\Debug\addr2line-pdb_manifest.rc
E:\code\QcEngine\gperftools-2.0\vsprojects\addr2line-pdb\Debug\cl.command.1.tlog
E:\code\QcEngine\gperftools-2.0\vsprojects\addr2line-pdb\Debug\CL.read.1.tlog
E:\code\QcEngine\gperftools-2.0\vsprojects\addr2line-pdb\Debug\CL.write.1.tlog
E:\code\QcEngine\gperftools-2.0\vsprojects\addr2line-pdb\Debug\link.7068.read.1.tlog
E:\code\QcEngine\gperftools-2.0\vsprojects\addr2line-pdb\Debug\link.7068.write.1.tlog
E:\code\QcEngine\gperftools-2.0\vsprojects\addr2line-pdb\Debug\link.7068-cvtres.read.1.tlog
E:\code\QcEngine\gperftools-2.0\vsprojects\addr2line-pdb\Debug\link.7068-cvtres.write.1.tlog
E:\code\QcEngine\gperftools-2.0\vsprojects\addr2line-pdb\Debug\link.command.1.tlog
E:\code\QcEngine\gperftools-2.0\vsprojects\addr2line-pdb\Debug\link.read.1.tlog
E:\code\QcEngine\gperftools-2.0\vsprojects\addr2line-pdb\Debug\link.write.1.tlog
E:\code\QcEngine\gperftools-2.0\vsprojects\addr2line-pdb\Debug\link-cvtres.read.1.tlog
E:\code\QcEngine\gperftools-2.0\vsprojects\addr2line-pdb\Debug\link-cvtres.write.1.tlog
E:\code\QcEngine\gperftools-2.0\vsprojects\addr2line-pdb\Debug\mt.command.1.tlog
E:\code\QcEngine\gperftools-2.0\vsprojects\addr2line-pdb\Debug\mt.read.1.tlog
E:\code\QcEngine\gperftools-2.0\vsprojects\addr2line-pdb\Debug\mt.write.1.tlog
E:\code\QcEngine\gperftools-2.0\vsprojects\addr2line-pdb\Debug\rc.command.1.tlog
E:\code\QcEngine\gperftools-2.0\vsprojects\addr2line-pdb\Debug\rc.read.1.tlog
E:\code\QcEngine\gperftools-2.0\vsprojects\addr2line-pdb\Debug\rc.write.1.tlog
E:\code\QcEngine\gperftools-2.0\vsprojects\addr2line-pdb\Debug\vc100.idb
E:\code\QcEngine\gperftools-2.0\vsprojects\addr2line-pdb\Debug\vc100.pdb
E:\CODE\QCENGINE\QCENGINE\GPERFTOOLS-2.0\DEBUG\ADDR2LINE-PDB.EXE
E:\CODE\QCENGINE\QCENGINE\GPERFTOOLS-2.0\DEBUG\ADDR2LINE-PDB.ILK
E:\CODE\QCENGINE\QCENGINE\GPERFTOOLS-2.0\DEBUG\ADDR2LINE-PDB.PDB
E:\CODE\QCENGINE\QCENGINE\GPERFTOOLS-2.0\VSPROJECTS\ADDR2LINE-PDB\DEBUG\ADDR2LINE-PDB.EXE.EMBED.MANIFEST
E:\CODE\QCENGINE\QCENGINE\GPERFTOOLS-2.0\VSPROJECTS\ADDR2LINE-PDB\DEBUG\ADDR2LINE-PDB.EXE.EMBED.MANIFEST.RES
E:\CODE\QCENGINE\QCENGINE\GPERFTOOLS-2.0\VSPROJECTS\ADDR2LINE-PDB\DEBUG\ADDR2LINE-PDB.EXE.INTERMEDIATE.MANIFEST
E:\CODE\QCENGINE\QCENGINE\GPERFTOOLS-2.0\VSPROJECTS\ADDR2LINE-PDB\DEBUG\ADDR2LINE-PDB.OBJ
E:\CODE\QCENGINE\QCENGINE\GPERFTOOLS-2.0\VSPROJECTS\ADDR2LINE-PDB\DEBUG\VC100.PDB
