E:\code\QcEngine\gperftools-2.0\Debug\nm-pdb.exe
E:\code\QcEngine\gperftools-2.0\Debug\nm-pdb.ilk
E:\code\QcEngine\gperftools-2.0\Debug\nm-pdb.pdb
E:\code\QcEngine\gperftools-2.0\vsprojects\nm-pdb\Debug\cl.command.1.tlog
E:\code\QcEngine\gperftools-2.0\vsprojects\nm-pdb\Debug\CL.read.1.tlog
E:\code\QcEngine\gperftools-2.0\vsprojects\nm-pdb\Debug\CL.write.1.tlog
E:\code\QcEngine\gperftools-2.0\vsprojects\nm-pdb\Debug\link.11092.read.1.tlog
E:\code\QcEngine\gperftools-2.0\vsprojects\nm-pdb\Debug\link.11092.write.1.tlog
E:\code\QcEngine\gperftools-2.0\vsprojects\nm-pdb\Debug\link.11092-cvtres.read.1.tlog
E:\code\QcEngine\gperftools-2.0\vsprojects\nm-pdb\Debug\link.11092-cvtres.write.1.tlog
E:\code\QcEngine\gperftools-2.0\vsprojects\nm-pdb\Debug\link.command.1.tlog
E:\code\QcEngine\gperftools-2.0\vsprojects\nm-pdb\Debug\link.read.1.tlog
E:\code\QcEngine\gperftools-2.0\vsprojects\nm-pdb\Debug\link.write.1.tlog
E:\code\QcEngine\gperftools-2.0\vsprojects\nm-pdb\Debug\link-cvtres.read.1.tlog
E:\code\QcEngine\gperftools-2.0\vsprojects\nm-pdb\Debug\link-cvtres.write.1.tlog
E:\code\QcEngine\gperftools-2.0\vsprojects\nm-pdb\Debug\mt.command.1.tlog
E:\code\QcEngine\gperftools-2.0\vsprojects\nm-pdb\Debug\mt.read.1.tlog
E:\code\QcEngine\gperftools-2.0\vsprojects\nm-pdb\Debug\mt.write.1.tlog
E:\code\QcEngine\gperftools-2.0\vsprojects\nm-pdb\Debug\nm-pdb.exe.embed.manifest
E:\code\QcEngine\gperftools-2.0\vsprojects\nm-pdb\Debug\nm-pdb.exe.embed.manifest.res
E:\code\QcEngine\gperftools-2.0\vsprojects\nm-pdb\Debug\nm-pdb.exe.intermediate.manifest
E:\code\QcEngine\gperftools-2.0\vsprojects\nm-pdb\Debug\nm-pdb.obj
E:\code\QcEngine\gperftools-2.0\vsprojects\nm-pdb\Debug\nm-pdb.write.1.tlog
E:\code\QcEngine\gperftools-2.0\vsprojects\nm-pdb\Debug\nm-pdb_manifest.rc
E:\code\QcEngine\gperftools-2.0\vsprojects\nm-pdb\Debug\rc.command.1.tlog
E:\code\QcEngine\gperftools-2.0\vsprojects\nm-pdb\Debug\rc.read.1.tlog
E:\code\QcEngine\gperftools-2.0\vsprojects\nm-pdb\Debug\rc.write.1.tlog
E:\code\QcEngine\gperftools-2.0\vsprojects\nm-pdb\Debug\vc100.idb
E:\code\QcEngine\gperftools-2.0\vsprojects\nm-pdb\Debug\vc100.pdb
E:\CODE\QCENGINE\QCENGINE\GPERFTOOLS-2.0\DEBUG\NM-PDB.EXE
E:\CODE\QCENGINE\QCENGINE\GPERFTOOLS-2.0\DEBUG\NM-PDB.ILK
E:\CODE\QCENGINE\QCENGINE\GPERFTOOLS-2.0\DEBUG\NM-PDB.PDB
E:\CODE\QCENGINE\QCENGINE\GPERFTOOLS-2.0\VSPROJECTS\NM-PDB\DEBUG\NM-PDB.EXE.EMBED.MANIFEST
E:\CODE\QCENGINE\QCENGINE\GPERFTOOLS-2.0\VSPROJECTS\NM-PDB\DEBUG\NM-PDB.EXE.EMBED.MANIFEST.RES
E:\CODE\QCENGINE\QCENGINE\GPERFTOOLS-2.0\VSPROJECTS\NM-PDB\DEBUG\NM-PDB.EXE.INTERMEDIATE.MANIFEST
E:\CODE\QCENGINE\QCENGINE\GPERFTOOLS-2.0\VSPROJECTS\NM-PDB\DEBUG\NM-PDB.OBJ
E:\CODE\QCENGINE\QCENGINE\GPERFTOOLS-2.0\VSPROJECTS\NM-PDB\DEBUG\VC100.PDB
